Performance optimization failed: 'ChecklistSettings' object has no attribute 'screening_cutoffs'
Traceback (most recent call last):
  File "/home/runner/workspace/demo_routes.py", line 3799, in screening_list
    'screening_cutoffs': settings.screening_cutoffs,
                         ^^^^^^^^^^^^^^^^^^^^^^^^^^
AttributeError: 'ChecklistSettings' object has no attribute 'screening_cutoffs'
{"timestamp": "2025-07-20T02:44:59.682905Z", "level": "CRITICAL", "logger": "app", "message": "Unexpected Error [57f4f4bb]:", "module": "app", "function": "handle_unexpected_error", "line": 425, "thread": 140538099201536, "process": 1397, "request": {"method": "GET", "path": "/screenings", "remote_addr": "10.82.1.116", "user_agent": "Mozilla/5.0 (Macintosh; Intel Mac OS X 10_15_7) AppleWebKit/537.36 (KHTML, like Gecko) Replit/1.0.14 Chrome/124.0.6367.119 Electron/30.0.3 Safari/537.36", "endpoint": "screening_list"}, "session": {"session_id": "wQTYhJbeerQAWlL-4_Um884wuZUocjTeteMNDO4NgZA", "user_id": null, "username": null}, "security": {"ip_address": "10.82.1.116", "user_agent": "Mozilla/5.0 (Macintosh; Intel Mac OS X 10_15_7) AppleWebKit/537.36 (KHTML, like Gecko) Replit/1.0.14 Chrome/124.0.6367.119 Electron/30.0.3 Safari/537.36", "timestamp": 1752979499.1389148}}
{"timestamp": "2025-07-20T02:44:59.685494Z", "level": "CRITICAL", "logger": "app", "message": "Unexpected Error [57f4f4bb]:", "module": "app", "function": "handle_unexpected_error", "line": 425, "thread": 140538099201536, "process": 1397, "request": {"method": "GET", "path": "/screenings", "remote_addr": "10.82.1.116", "user_agent": "Mozilla/5.0 (Macintosh; Intel Mac OS X 10_15_7) AppleWebKit/537.36 (KHTML, like Gecko) Replit/1.0.14 Chrome/124.0.6367.119 Electron/30.0.3 Safari/537.36", "endpoint": "screening_list"}, "session": {"session_id": "wQTYhJbeerQAWlL-4_Um884wuZUocjTeteMNDO4NgZA", "user_id": null, "username": null}, "security": {"ip_address": "10.82.1.116", "user_agent": "Mozilla/5.0 (Macintosh; Intel Mac OS X 10_15_7) AppleWebKit/537.36 (KHTML, like Gecko) Replit/1.0.14 Chrome/124.0.6367.119 Electron/30.0.3 Safari/537.36", "timestamp": 1752979499.1389148}}
{"timestamp": "2025-07-20T02:44:59.685774Z", "level": "CRITICAL", "logger": "app", "message": "Error Type: AttributeError", "module": "app", "function": "handle_unexpected_error", "line": 426, "thread": 140538099201536, "process": 1397, "request": {"method": "GET", "path": "/screenings", "remote_addr": "10.82.1.116", "user_agent": "Mozilla/5.0 (Macintosh; Intel Mac OS X 10_15_7) AppleWebKit/537.36 (KHTML, like Gecko) Replit/1.0.14 Chrome/124.0.6367.119 Electron/30.0.3 Safari/537.36", "endpoint": "screening_list"}, "session": {"session_id": "wQTYhJbeerQAWlL-4_Um884wuZUocjTeteMNDO4NgZA", "user_id": null, "username": null}, "security": {"ip_address": "10.82.1.116", "user_agent": "Mozilla/5.0 (Macintosh; Intel Mac OS X 10_15_7) AppleWebKit/537.36 (KHTML, like Gecko) Replit/1.0.14 Chrome/124.0.6367.119 Electron/30.0.3 Safari/537.36", "timestamp": 1752979499.1389148}}
{"timestamp": "2025-07-20T02:44:59.685950Z", "level": "CRITICAL", "logger": "app", "message": "Error Type: AttributeError", "module": "app", "function": "handle_unexpected_error", "line": 426, "thread": 140538099201536, "process": 1397, "request": {"method": "GET", "path": "/screenings", "remote_addr": "10.82.1.116", "user_agent": "Mozilla/5.0 (Macintosh; Intel Mac OS X 10_15_7) AppleWebKit/537.36 (KHTML, like Gecko) Replit/1.0.14 Chrome/124.0.6367.119 Electron/30.0.3 Safari/537.36", "endpoint": "screening_list"}, "session": {"session_id": "wQTYhJbeerQAWlL-4_Um884wuZUocjTeteMNDO4NgZA", "user_id": null, "username": null}, "security": {"ip_address": "10.82.1.116", "user_agent": "Mozilla/5.0 (Macintosh; Intel Mac OS X 10_15_7) AppleWebKit/537.36 (KHTML, like Gecko) Replit/1.0.14 Chrome/124.0.6367.119 Electron/30.0.3 Safari/537.36", "timestamp": 1752979499.1389148}}
{"timestamp": "2025-07-20T02:44:59.686197Z", "level": "CRITICAL", "logger": "app", "message": "Error Message: 'ChecklistSettings' object has no attribute 'screening_cutoffs'", "module": "app", "function": "handle_unexpected_error", "line": 427, "thread": 140538099201536, "process": 1397, "request": {"method": "GET", "path": "/screenings", "remote_addr": "10.82.1.116", "user_agent": "Mozilla/5.0 (Macintosh; Intel Mac OS X 10_15_7) AppleWebKit/537.36 (KHTML, like Gecko) Replit/1.0.14 Chrome/124.0.6367.119 Electron/30.0.3 Safari/537.36", "endpoint": "screening_list"}, "session": {"session_id": "wQTYhJbeerQAWlL-4_Um884wuZUocjTeteMNDO4NgZA", "user_id": null, "username": null}, "security": {"ip_address": "10.82.1.116", "user_agent": "Mozilla/5.0 (Macintosh; Intel Mac OS X 10_15_7) AppleWebKit/537.36 (KHTML, like Gecko) Replit/1.0.14 Chrome/124.0.6367.119 Electron/30.0.3 Safari/537.36", "timestamp": 1752979499.1389148}}
{"timestamp": "2025-07-20T02:44:59.686348Z", "level": "CRITICAL", "logger": "app", "message": "Error Message: 'ChecklistSettings' object has no attribute 'screening_cutoffs'", "module": "app", "function": "handle_unexpected_error", "line": 427, "thread": 140538099201536, "process": 1397, "request": {"method": "GET", "path": "/screenings", "remote_addr": "10.82.1.116", "user_agent": "Mozilla/5.0 (Macintosh; Intel Mac OS X 10_15_7) AppleWebKit/537.36 (KHTML, like Gecko) Replit/1.0.14 Chrome/124.0.6367.119 Electron/30.0.3 Safari/537.36", "endpoint": "screening_list"}, "session": {"session_id": "wQTYhJbeerQAWlL-4_Um884wuZUocjTeteMNDO4NgZA", "user_id": null, "username": null}, "security": {"ip_address": "10.82.1.116", "user_agent": "Mozilla/5.0 (Macintosh; Intel Mac OS X 10_15_7) AppleWebKit/537.36 (KHTML, like Gecko) Replit/1.0.14 Chrome/124.0.6367.119 Electron/30.0.3 Safari/537.36", "timestamp": 1752979499.1389148}}
{"timestamp": "2025-07-20T02:44:59.686732Z", "level": "CRITICAL", "logger": "app", "message": "URL: https://b1b46abe-838d-464d-8410-80c925647698-00-1zl7ablirpohy.kirk.replit.dev/screenings", "module": "app", "function": "handle_unexpected_error", "line": 428, "thread": 140538099201536, "process": 1397, "request": {"method": "GET", "path": "/screenings", "remote_addr": "10.82.1.116", "user_agent": "Mozilla/5.0 (Macintosh; Intel Mac OS X 10_15_7) AppleWebKit/537.36 (KHTML, like Gecko) Replit/1.0.14 Chrome/124.0.6367.119 Electron/30.0.3 Safari/537.36", "endpoint": "screening_list"}, "session": {"session_id": "wQTYhJbeerQAWlL-4_Um884wuZUocjTeteMNDO4NgZA", "user_id": null, "username": null}, "security": {"ip_address": "10.82.1.116", "user_agent": "Mozilla/5.0 (Macintosh; Intel Mac OS X 10_15_7) AppleWebKit/537.36 (KHTML, like Gecko) Replit/1.0.14 Chrome/124.0.6367.119 Electron/30.0.3 Safari/537.36", "timestamp": 1752979499.1389148}}
{"timestamp": "2025-07-20T02:44:59.686896Z", "level": "CRITICAL", "logger": "app", "message": "URL: https://b1b46abe-838d-464d-8410-80c925647698-00-1zl7ablirpohy.kirk.replit.dev/screenings", "module": "app", "function": "handle_unexpected_error", "line": 428, "thread": 140538099201536, "process": 1397, "request": {"method": "GET", "path": "/screenings", "remote_addr": "10.82.1.116", "user_agent": "Mozilla/5.0 (Macintosh; Intel Mac OS X 10_15_7) AppleWebKit/537.36 (KHTML, like Gecko) Replit/1.0.14 Chrome/124.0.6367.119 Electron/30.0.3 Safari/537.36", "endpoint": "screening_list"}, "session": {"session_id": "wQTYhJbeerQAWlL-4_Um884wuZUocjTeteMNDO4NgZA", "user_id": null, "username": null}, "security": {"ip_address": "10.82.1.116", "user_agent": "Mozilla/5.0 (Macintosh; Intel Mac OS X 10_15_7) AppleWebKit/537.36 (KHTML, like Gecko) Replit/1.0.14 Chrome/124.0.6367.119 Electron/30.0.3 Safari/537.36", "timestamp": 1752979499.1389148}}
{"timestamp": "2025-07-20T02:44:59.687081Z", "level": "CRITICAL", "logger": "app", "message": "Method: GET", "module": "app", "function": "handle_unexpected_error", "line": 429, "thread": 140538099201536, "process": 1397, "request": {"method": "GET", "path": "/screenings", "remote_addr": "10.82.1.116", "user_agent": "Mozilla/5.0 (Macintosh; Intel Mac OS X 10_15_7) AppleWebKit/537.36 (KHTML, like Gecko) Replit/1.0.14 Chrome/124.0.6367.119 Electron/30.0.3 Safari/537.36", "endpoint": "screening_list"}, "session": {"session_id": "wQTYhJbeerQAWlL-4_Um884wuZUocjTeteMNDO4NgZA", "user_id": null, "username": null}, "security": {"ip_address": "10.82.1.116", "user_agent": "Mozilla/5.0 (Macintosh; Intel Mac OS X 10_15_7) AppleWebKit/537.36 (KHTML, like Gecko) Replit/1.0.14 Chrome/124.0.6367.119 Electron/30.0.3 Safari/537.36", "timestamp": 1752979499.1389148}}
{"timestamp": "2025-07-20T02:44:59.687225Z", "level": "CRITICAL", "logger": "app", "message": "Method: GET", "module": "app", "function": "handle_unexpected_error", "line": 429, "thread": 140538099201536, "process": 1397, "request": {"method": "GET", "path": "/screenings", "remote_addr": "10.82.1.116", "user_agent": "Mozilla/5.0 (Macintosh; Intel Mac OS X 10_15_7) AppleWebKit/537.36 (KHTML, like Gecko) Replit/1.0.14 Chrome/124.0.6367.119 Electron/30.0.3 Safari/537.36", "endpoint": "screening_list"}, "session": {"session_id": "wQTYhJbeerQAWlL-4_Um884wuZUocjTeteMNDO4NgZA", "user_id": null, "username": null}, "security": {"ip_address": "10.82.1.116", "user_agent": "Mozilla/5.0 (Macintosh; Intel Mac OS X 10_15_7) AppleWebKit/537.36 (KHTML, like Gecko) Replit/1.0.14 Chrome/124.0.6367.119 Electron/30.0.3 Safari/537.36", "timestamp": 1752979499.1389148}}
{"timestamp": "2025-07-20T02:44:59.687422Z", "level": "CRITICAL", "logger": "app", "message": "Remote Address: 10.82.1.116", "module": "app", "function": "handle_unexpected_error", "line": 430, "thread": 140538099201536, "process": 1397, "request": {"method": "GET", "path": "/screenings", "remote_addr": "10.82.1.116", "user_agent": "Mozilla/5.0 (Macintosh; Intel Mac OS X 10_15_7) AppleWebKit/537.36 (KHTML, like Gecko) Replit/1.0.14 Chrome/124.0.6367.119 Electron/30.0.3 Safari/537.36", "endpoint": "screening_list"}, "session": {"session_id": "wQTYhJbeerQAWlL-4_Um884wuZUocjTeteMNDO4NgZA", "user_id": null, "username": null}, "security": {"ip_address": "10.82.1.116", "user_agent": "Mozilla/5.0 (Macintosh; Intel Mac OS X 10_15_7) AppleWebKit/537.36 (KHTML, like Gecko) Replit/1.0.14 Chrome/124.0.6367.119 Electron/30.0.3 Safari/537.36", "timestamp": 1752979499.1389148}}
{"timestamp": "2025-07-20T02:44:59.687576Z", "level": "CRITICAL", "logger": "app", "message": "Remote Address: 10.82.1.116", "module": "app", "function": "handle_unexpected_error", "line": 430, "thread": 140538099201536, "process": 1397, "request": {"method": "GET", "path": "/screenings", "remote_addr": "10.82.1.116", "user_agent": "Mozilla/5.0 (Macintosh; Intel Mac OS X 10_15_7) AppleWebKit/537.36 (KHTML, like Gecko) Replit/1.0.14 Chrome/124.0.6367.119 Electron/30.0.3 Safari/537.36", "endpoint": "screening_list"}, "session": {"session_id": "wQTYhJbeerQAWlL-4_Um884wuZUocjTeteMNDO4NgZA", "user_id": null, "username": null}, "security": {"ip_address": "10.82.1.116", "user_agent": "Mozilla/5.0 (Macintosh; Intel Mac OS X 10_15_7) AppleWebKit/537.36 (KHTML, like Gecko) Replit/1.0.14 Chrome/124.0.6367.119 Electron/30.0.3 Safari/537.36", "timestamp": 1752979499.1389148}}
{"timestamp": "2025-07-20T02:44:59.697052Z", "level": "CRITICAL", "logger": "app", "message": "Stack Trace:\nTraceback (most recent call last):\n  File \"/home/runner/workspace/demo_routes.py\", line 3799, in screening_list\n    'screening_cutoffs': settings.screening_cutoffs,\n                         ^^^^^^^^^^^^^^^^^^^^^^^^^^\nAttributeError: 'ChecklistSettings' object has no attribute 'screening_cutoffs'\n\nDuring handling of the above exception, another exception occurred:\n\nTraceback (most recent call last):\n  File \"/home/runner/workspace/.pythonlibs/lib/python3.11/site-packages/flask/app.py\", line 917, in full_dispatch_request\n    rv = self.dispatch_request()\n         ^^^^^^^^^^^^^^^^^^^^^^^\n  File \"/home/runner/workspace/.pythonlibs/lib/python3.11/site-packages/flask/app.py\", line 902, in dispatch_request\n    return self.ensure_sync(self.view_functions[rule.endpoint])(**view_args)  # type: ignore[no-any-return]\n           ^^^^^^^^^^^^^^^^^^^^^^^^^^^^^^^^^^^^^^^^^^^^^^^^^^^^^^^^^^^^^^^^^\n  File \"/home/runner/workspace/demo_routes.py\", line 3823, in screening_list\n    'screening_cutoffs': settings.screening_cutoffs,\n                         ^^^^^^^^^^^^^^^^^^^^^^^^^^\nAttributeError: 'ChecklistSettings' object has no attribute 'screening_cutoffs'\n", "module": "app", "function": "handle_unexpected_error", "line": 431, "thread": 140538099201536, "process": 1397, "request": {"method": "GET", "path": "/screenings", "remote_addr": "10.82.1.116", "user_agent": "Mozilla/5.0 (Macintosh; Intel Mac OS X 10_15_7) AppleWebKit/537.36 (KHTML, like Gecko) Replit/1.0.14 Chrome/124.0.6367.119 Electron/30.0.3 Safari/537.36", "endpoint": "screening_list"}, "session": {"session_id": "wQTYhJbeerQAWlL-4_Um884wuZUocjTeteMNDO4NgZA", "user_id": null, "username": null}, "security": {"ip_address": "10.82.1.116", "user_agent": "Mozilla/5.0 (Macintosh; Intel Mac OS X 10_15_7) AppleWebKit/537.36 (KHTML, like Gecko) Replit/1.0.14 Chrome/124.0.6367.119 Electron/30.0.3 Safari/537.36", "timestamp": 1752979499.1389148}}
{"timestamp": "2025-07-20T02:44:59.697362Z", "level": "CRITICAL", "logger": "app", "message": "Stack Trace:\nTraceback (most recent call last):\n  File \"/home/runner/workspace/demo_routes.py\", line 3799, in screening_list\n    'screening_cutoffs': settings.screening_cutoffs,\n                         ^^^^^^^^^^^^^^^^^^^^^^^^^^\nAttributeError: 'ChecklistSettings' object has no attribute 'screening_cutoffs'\n\nDuring handling of the above exception, another exception occurred:\n\nTraceback (most recent call last):\n  File \"/home/runner/workspace/.pythonlibs/lib/python3.11/site-packages/flask/app.py\", line 917, in full_dispatch_request\n    rv = self.dispatch_request()\n         ^^^^^^^^^^^^^^^^^^^^^^^\n  File \"/home/runner/workspace/.pythonlibs/lib/python3.11/site-packages/flask/app.py\", line 902, in dispatch_request\n    return self.ensure_sync(self.view_functions[rule.endpoint])(**view_args)  # type: ignore[no-any-return]\n           ^^^^^^^^^^^^^^^^^^^^^^^^^^^^^^^^^^^^^^^^^^^^^^^^^^^^^^^^^^^^^^^^^\n  File \"/home/runner/workspace/demo_routes.py\", line 3823, in screening_list\n    'screening_cutoffs': settings.screening_cutoffs,\n                         ^^^^^^^^^^^^^^^^^^^^^^^^^^\nAttributeError: 'ChecklistSettings' object has no attribute 'screening_cutoffs'\n", "module": "app", "function": "handle_unexpected_error", "line": 431, "thread": 140538099201536, "process": 1397, "request": {"method": "GET", "path": "/screenings", "remote_addr": "10.82.1.116", "user_agent": "Mozilla/5.0 (Macintosh; Intel Mac OS X 10_15_7) AppleWebKit/537.36 (KHTML, like Gecko) Replit/1.0.14 Chrome/124.0.6367.119 Electron/30.0.3 Safari/537.36", "endpoint": "screening_list"}, "session": {"session_id": "wQTYhJbeerQAWlL-4_Um884wuZUocjTeteMNDO4NgZA", "user_id": null, "username": null}, "security": {"ip_address": "10.82.1.116", "user_agent": "Mozilla/5.0 (Macintosh; Intel Mac OS X 10_15_7) AppleWebKit/537.36 (KHTML, like Gecko) Replit/1.0.14 Chrome/124.0.6367.119 Electron/30.0.3 Safari/537.36", "timestamp": 1752979499.1389148}}
{"timestamp": "2025-07-20T02:44:59.956915Z", "level": "WARNING", "logger": "api_access_middleware", "message": "API response: /screenings -> 500", "module": "api_access_middleware", "function": "log_api_response_status", "line": 449, "thread": 140538099201536, "process": 1397, "request": {"method": "GET", "path": "/screenings", "remote_addr": "10.82.1.116", "user_agent": "Mozilla/5.0 (Macintosh; Intel Mac OS X 10_15_7) AppleWebKit/537.36 (KHTML, like Gecko) Replit/1.0.14 Chrome/124.0.6367.119 Electron/30.0.3 Safari/537.36", "endpoint": "screening_list"}, "session": {"session_id": "wQTYhJbeerQAWlL-4_Um884wuZUocjTeteMNDO4NgZA", "user_id": null, "username": null}, "security": {"ip_address": "10.82.1.116", "user_agent": "Mozilla/5.0 (Macintosh; Intel Mac OS X 10_15_7) AppleWebKit/537.36 (KHTML, like Gecko) Replit/1.0.14 Chrome/124.0.6367.119 Electron/30.0.3 Safari/537.36", "timestamp": 1752979499.1389148}}
